<?xml version="1.0" encoding="UTF-8"?>
<!-- Generated by org.testng.reporters.JUnitReportReporter -->
<testsuite hostname="DESKTOP-5O9HCF2" failures="0" tests="1" name="com.saucelabs.qa.Testclasses.LoginTest" time="3.012" errors="0" timestamp="2024-08-22T23:57:57 BST" skipped="0">
  <testcase classname="com.saucelabs.qa.Testclasses.LoginTest" name="verifyloginbutton" time="3.012"/>
</testsuite> <!-- com.saucelabs.qa.Testclasses.LoginTest -->
